Arguments: 
  /usr/local/bin/node /usr/local/bin/yarn scss

PATH: 
  /usr/local/bin:/usr/bin:/bin:/usr/sbin:/sbin

Yarn version: 
  1.22.17

Node version: 
  16.13.2

Platform: 
  darwin x64

Trace: 
  SyntaxError: /Users/alex/home/npm/package.json: Unexpected token : in JSON at position 9
      at JSON.parse (<anonymous>)
      at /usr/local/lib/node_modules/yarn/lib/cli.js:1625:59
      at Generator.next (<anonymous>)
      at step (/usr/local/lib/node_modules/yarn/lib/cli.js:310:30)
      at /usr/local/lib/node_modules/yarn/lib/cli.js:321:13

npm manifest: 
  "scripts": {
    "server": "live-server",
    "scss": "sass scss/index.scss:css/style.css -w"
  }

yarn manifest: 
  No manifest

Lockfile: 
  No lockfile
